# JRE version: Java(TM) SE Runtime Environment (8.0_45-b14) (build 1.8.0_45-b14)
# Java VM: Java HotSpot(TM) 64-Bit Server VM (25.45-b02 mixed mode bsd-amd64 compressed oops)
Heap:
 PSYoungGen      total 273920K, used 90338K [0x00000007aab00000, 0x00000007c0000000, 0x00000007c0000000)
  eden space 220160K, 16% used [0x00000007aab00000,0x00000007acee12b0,0x00000007b8200000)
  from space 53760K, 99% used [0x00000007b8200000,0x00000007bb657880,0x00000007bb680000)
  to   space 68608K, 0% used [0x00000007bbd00000,0x00000007bbd00000,0x00000007c0000000)
 ParOldGen       total 487936K, used 76217K [0x0000000780000000, 0x000000079dc80000, 0x00000007aab00000)
  object space 487936K, 15% used [0x0000000780000000,0x0000000784a6e5c8,0x000000079dc80000)
 Metaspace       used 85653K, capacity 92293K, committed 92416K, reserved 1130496K
  class space    used 10110K, capacity 12001K, committed 12032K, reserved 1048576K
GC Heap History (10 events):
Event: 13.895 GC heap before
{Heap before GC invocations=12 (full 3):
 PSYoungGen      total 302592K, used 254464K [0x00000007aab00000, 0x00000007c0000000, 0x00000007c0000000)
  eden space 254464K, 100% used [0x00000007aab00000,0x00000007ba380000,0x00000007ba380000)
  from space 48128K, 0% used [0x00000007bd100000,0x00000007bd100000,0x00000007c0000000)
  to   space 46592K, 0% used [0x00000007ba380000,0x00000007ba380000,0x00000007bd100000)
 ParOldGen       total 487936K, used 62698K [0x0000000780000000, 0x000000079dc80000, 0x00000007aab00000)
  object space 487936K, 12% used [0x0000000780000000,0x0000000783d3ab88,0x000000079dc80000)
 Metaspace       used 65834K, capacity 70816K, committed 70912K, reserved 1110016K
  class space    used 7946K, capacity 9446K, committed 9472K, reserved 1048576K
Event: 13.914 GC heap after
Heap after GC invocations=12 (full 3):
 PSYoungGen      total 301056K, used 34725K [0x00000007aab00000, 0x00000007bff80000, 0x00000007c0000000)
  eden space 254464K, 0% used [0x00000007aab00000,0x00000007aab00000,0x00000007ba380000)
  from space 46592K, 74% used [0x00000007ba380000,0x00000007bc569530,0x00000007bd100000)
  to   space 47104K, 0% used [0x00000007bd180000,0x00000007bd180000,0x00000007bff80000)
 ParOldGen       total 487936K, used 62706K [0x0000000780000000, 0x000000079dc80000, 0x00000007aab00000)
  object space 487936K, 12% used [0x0000000780000000,0x0000000783d3cb88,0x000000079dc80000)
 Metaspace       used 65834K, capacity 70816K, committed 70912K, reserved 1110016K
  class space    used 7946K, capacity 9446K, committed 9472K, reserved 1048576K
}
Event: 15.308 GC heap before
{Heap before GC invocations=13 (full 3):
 PSYoungGen      total 301056K, used 289189K [0x00000007aab00000, 0x00000007bff80000, 0x00000007c0000000)
  eden space 254464K, 100% used [0x00000007aab00000,0x00000007ba380000,0x00000007ba380000)
  from space 46592K, 74% used [0x00000007ba380000,0x00000007bc569530,0x00000007bd100000)
  to   space 47104K, 0% used [0x00000007bd180000,0x00000007bd180000,0x00000007bff80000)
 ParOldGen       total 487936K, used 62706K [0x0000000780000000, 0x000000079dc80000, 0x00000007aab00000)
  object space 487936K, 12% used [0x0000000780000000,0x0000000783d3cb88,0x000000079dc80000)
 Metaspace       used 67186K, capacity 72128K, committed 72320K, reserved 1112064K
  class space    used 8072K, capacity 9542K, committed 9600K, reserved 1048576K
Event: 15.341 GC heap after
Heap after GC invocations=13 (full 3):
 PSYoungGen      total 294912K, used 44657K [0x00000007aab00000, 0x00000007c0000000, 0x00000007c0000000)
  eden space 247808K, 0% used [0x00000007aab00000,0x00000007aab00000,0x00000007b9d00000)
  from space 47104K, 94% used [0x00000007bd180000,0x00000007bfd1c628,0x00000007bff80000)
  to   space 50688K, 0% used [0x00000007b9d00000,0x00000007b9d00000,0x00000007bce80000)
 ParOldGen       total 487936K, used 62714K [0x0000000780000000, 0x000000079dc80000, 0x00000007aab00000)
  object space 487936K, 12% used [0x0000000780000000,0x0000000783d3eb88,0x000000079dc80000)
 Metaspace       used 67186K, capacity 72128K, committed 72320K, reserved 1112064K
  class space    used 8072K, capacity 9542K, committed 9600K, reserved 1048576K
}
Event: 19.245 GC heap before
{Heap before GC invocations=14 (full 3):
 PSYoungGen      total 294912K, used 292465K [0x00000007aab00000, 0x00000007c0000000, 0x00000007c0000000)
  eden space 247808K, 100% used [0x00000007aab00000,0x00000007b9d00000,0x00000007b9d00000)
  from space 47104K, 94% used [0x00000007bd180000,0x00000007bfd1c628,0x00000007bff80000)
  to   space 50688K, 0% used [0x00000007b9d00000,0x00000007b9d00000,0x00000007bce80000)
 ParOldGen       total 487936K, used 62714K [0x0000000780000000, 0x000000079dc80000, 0x00000007aab00000)
  object space 487936K, 12% used [0x0000000780000000,0x0000000783d3eb88,0x000000079dc80000)
 Metaspace       used 85118K, capacity 91845K, committed 91904K, reserved 1128448K
  class space    used 10097K, capacity 12001K, committed 12032K, reserved 1048576K
Event: 19.288 GC heap after
Heap after GC invocations=14 (full 3):
 PSYoungGen      total 298496K, used 50673K [0x00000007aab00000, 0x00000007c0000000, 0x00000007c0000000)
  eden space 247808K, 0% used [0x00000007aab00000,0x00000007aab00000,0x00000007b9d00000)
  from space 50688K, 99% used [0x00000007b9d00000,0x00000007bce7c540,0x00000007bce80000)
  to   space 50688K, 0% used [0x00000007bce80000,0x00000007bce80000,0x00000007c0000000)
 ParOldGen       total 487936K, used 73649K [0x0000000780000000, 0x000000079dc80000, 0x00000007aab00000)
  object space 487936K, 15% used [0x0000000780000000,0x00000007847ec5c8,0x000000079dc80000)
 Metaspace       used 85118K, capacity 91845K, committed 91904K, reserved 1128448K
  class space    used 10097K, capacity 12001K, committed 12032K, reserved 1048576K
}
Event: 20.481 GC heap before
{Heap before GC invocations=15 (full 3):
 PSYoungGen      total 298496K, used 298481K [0x00000007aab00000, 0x00000007c0000000, 0x00000007c0000000)
  eden space 247808K, 100% used [0x00000007aab00000,0x00000007b9d00000,0x00000007b9d00000)
  from space 50688K, 99% used [0x00000007b9d00000,0x00000007bce7c540,0x00000007bce80000)
  to   space 50688K, 0% used [0x00000007bce80000,0x00000007bce80000,0x00000007c0000000)
 ParOldGen       total 487936K, used 73649K [0x0000000780000000, 0x000000079dc80000, 0x00000007aab00000)
  object space 487936K, 15% used [0x0000000780000000,0x00000007847ec5c8,0x000000079dc80000)
 Metaspace       used 85304K, capacity 92037K, committed 92160K, reserved 1130496K
  class space    used 10100K, capacity 12001K, committed 12032K, reserved 1048576K
Event: 20.509 GC heap after
Heap after GC invocations=15 (full 3):
 PSYoungGen      total 270848K, used 50675K [0x00000007aab00000, 0x00000007c0000000, 0x00000007c0000000)
  eden space 220160K, 0% used [0x00000007aab00000,0x00000007aab00000,0x00000007b8200000)
  from space 50688K, 99% used [0x00000007bce80000,0x00000007bfffcfb8,0x00000007c0000000)
  to   space 64512K, 0% used [0x00000007b8200000,0x00000007b8200000,0x00000007bc100000)
 ParOldGen       total 487936K, used 76209K [0x0000000780000000, 0x000000079dc80000, 0x00000007aab00000)
  object space 487936K, 15% used [0x0000000780000000,0x0000000784a6c5c8,0x000000079dc80000)
 Metaspace       used 85304K, capacity 92037K, committed 92160K, reserved 1130496K
  class space    used 10100K, capacity 12001K, committed 12032K, reserved 1048576K
}
Event: 21.265 GC heap before
{Heap before GC invocations=16 (full 3):
 PSYoungGen      total 270848K, used 270835K [0x00000007aab00000, 0x00000007c0000000, 0x00000007c0000000)
  eden space 220160K, 100% used [0x00000007aab00000,0x00000007b8200000,0x00000007b8200000)
  from space 50688K, 99% used [0x00000007bce80000,0x00000007bfffcfb8,0x00000007c0000000)
  to   space 64512K, 0% used [0x00000007b8200000,0x00000007b8200000,0x00000007bc100000)
 ParOldGen       total 487936K, used 76209K [0x0000000780000000, 0x000000079dc80000, 0x00000007aab00000)
  object space 487936K, 15% used [0x0000000780000000,0x0000000784a6c5c8,0x000000079dc80000)
 Metaspace       used 85464K, capacity 92229K, committed 92416K, reserved 1130496K
  class space    used 10105K, capacity 12001K, committed 12032K, reserved 1048576K
Event: 21.296 GC heap after
Heap after GC invocations=16 (full 3):
 PSYoungGen      total 273920K, used 53598K [0x00000007aab00000, 0x00000007c0000000, 0x00000007c0000000)
  eden space 220160K, 0% used [0x00000007aab00000,0x00000007aab00000,0x00000007b8200000)
  from space 53760K, 99% used [0x00000007b8200000,0x00000007bb657880,0x00000007bb680000)
  to   space 68608K, 0% used [0x00000007bbd00000,0x00000007bbd00000,0x00000007c0000000)
 ParOldGen       total 487936K, used 76217K [0x0000000780000000, 0x000000079dc80000, 0x00000007aab00000)
  object space 487936K, 15% used [0x0000000780000000,0x0000000784a6e5c8,0x000000079dc80000)
 Metaspace       used 85464K, capacity 92229K, committed 92416K, reserved 1130496K
  class space    used 10105K, capacity 12001K, committed 12032K, reserved 1048576K
}

